<?xml version="1.0" encoding="UTF-8"?>
<!-- Generated by org.testng.reporters.JUnitReportReporter -->
<testsuite skipped="0" hostname="user-PC" name="GmailTest" tests="3" failures="0" timestamp="10 Apr 2017 17:43:05 GMT" time="81.904" errors="0">
  <testcase name="gmailTest" time="27.763" classname="GmailTest"/>
  <testcase name="gmailTest" time="23.908" classname="GmailTest"/>
  <testcase name="gmailTest" time="30.233" classname="GmailTest"/>
</testsuite> <!-- GmailTest -->
